execve("/usr/bin/echo", ["echo", "hello"], 0x7ffd5f35ea68 /* 11 vars */) = 0
brk(NULL)                               = 0x55c78d635000
mmap(NULL, 8192, PROT_READ|PROT_WRITE, MAP_PRIVATE|MAP_ANONYMOUS, -1, 0) = 0x7f1b46349000
access("/etc/ld.so.preload", R_OK)      = -1 ENOENT (No such file or directory)
openat(AT_FDCWD, "/etc/ld.so.cache", O_RDONLY|O_CLOEXEC) = 3
fstat(3, {st_mode=S_IFREG|0644, st_size=7659, ...}) = 0
mmap(NULL, 7659, PROT_READ, MAP_PRIVATE, 3, 0) = 0x7f1b46347000
close(3)                                = 0
openat(AT_FDCWD, "/lib/x86_64-linux-gnu/libc.so.6", O_RDONLY|O_CLOEXEC) = 3
read(3, "\177ELF\2\1\1\3\0\0\0\0\0\0\0\0\3\0>\0\1\0\0\0\220\243\2\0\0\0\0\0"..., 832) = 832
pread64(3, "\6\0\0\0\4\0\0\0@\0\0\0\0\0\0\0@\0\0\0\0\0\0\0@\0\0\0\0\0\0\0"..., 784, 64) = 784
fstat(3, {st_mode=S_IFREG|0755, st_size=2125328, ...}) = 0
pread64(3, "\6\0\0\0\4\0\0\0@\0\0\0\0\0\0\0@\0\0\0\0\0\0\0@\0\0\0\0\0\0\0"..., 784, 64) = 784
mmap(NULL, 2170256, PROT_READ, MAP_PRIVATE|MAP_DENYWRITE, 3, 0) = 0x7f1b46135000
mmap(0x7f1b4615d000, 1605632, PROT_READ|PROT_EXEC, MAP_PRIVATE|MAP_FIXED|MAP_DENYWRITE, 3, 0x28000) = 0x7f1b4615d000
mmap(0x7f1b462e5000, 323584, PROT_READ, MAP_PRIVATE|MAP_FIXED|MAP_DENYWRITE, 3, 0x1b0000) = 0x7f1b462e5000
mmap(0x7f1b46334000, 24576, PROT_READ|PROT_WRITE, MAP_PRIVATE|MAP_FIXED|MAP_DENYWRITE, 3, 0x1fe000) = 0x7f1b46334000
mmap(0x7f1b4633a000, 52624, PROT_READ|PROT_WRITE, MAP_PRIVATE|MAP_FIXED|MAP_ANONYMOUS, -1, 0) = 0x7f1b4633a000
close(3)                                = 0
mmap(NULL, 12288, PROT_READ|PROT_WRITE, MAP_PRIVATE|MAP_ANONYMOUS, -1, 0) = 0x7f1b46132000
arch_prctl(ARCH_SET_FS, 0x7f1b46132740) = 0
set_tid_address(0x7f1b46132a10)         = 35
set_robust_list(0x7f1b46132a20, 24)     = 0
rseq(0x7f1b46133060, 0x20, 0, 0x53053053) = 0
mprotect(0x7f1b46334000, 16384, PROT_READ) = 0
mprotect(0x55c78ca5a000, 4096, PROT_READ) = 0
mprotect(0x7f1b46381000, 8192, PROT_READ) = 0
prlimit64(0, RLIMIT_STACK, NULL, {rlim_cur=8192*1024, rlim_max=RLIM64_INFINITY}) = 0
munmap(0x7f1b46347000, 7659)            = 0
getrandom("\x4f\xe4\x65\x8e\xb5\xb1\x3d\x03", 8, GRND_NONBLOCK) = 8
brk(NULL)                               = 0x55c78d635000
brk(0x55c78d656000)                     = 0x55c78d656000
fstat(1, {st_mode=S_IFCHR|0620, st_rdev=makedev(0x88, 0), ...}) = 0
write(1, "hello\n", 6)                  = 6
close(1)                                = 0
close(2)                                = 0
exit_group(0)                           = ?
+++ exited with 0 +++
